<?xml version="1.0" encoding="UTF-8"?>
<!-- Generated by org.testng.reporters.JUnitReportReporter -->
<testsuite hostname="LAPTOP-M1317U11" failures="0" tests="1" name="pom.netbanking.testcases.TC_LoginTest_001" time="7.316" errors="0" timestamp="2022-03-06T09:18:50 IST" skipped="0">
  <testcase classname="pom.netbanking.testcases.TC_LoginTest_001" name="LoginTest" time="7.316"/>
  <system-out/>
</testsuite> <!-- pom.netbanking.testcases.TC_LoginTest_001 -->
