<?xml version="1.0" encoding="UTF-8"?>
<!-- Generated by org.testng.reporters.JUnitReportReporter -->
<testsuite skipped="0" hostname="LAPTOP-M1317U11" name="pom.netbanking.testcases.TC_LoginTest_001" tests="1" failures="0" timestamp="2022-03-08T23:25:26 IST" time="12.302" errors="0">
  <testcase name="LoginTest" time="12.302" classname="pom.netbanking.testcases.TC_LoginTest_001"/>
  <system-out/>
</testsuite> <!-- pom.netbanking.testcases.TC_LoginTest_001 -->
